<?xml version="1.0" encoding="UTF-8"?>
<!-- Generated by org.testng.reporters.JUnitReportReporter -->
<testsuite skipped="0" hostname="5CG425JL54" name="Selnium.Launchchrome" tests="1" failures="0" timestamp="03 May 2019 12:53:56 GMT" time="9.286" errors="0">
  <testcase name="launchLinkedIn" time="9.286" classname="Selnium.Launchchrome"/>
</testsuite> <!-- Selnium.Launchchrome -->
