<?xml version="1.0" encoding="UTF-8"?>
<!-- Generated by org.testng.reporters.JUnitReportReporter -->
<testsuite skipped="0" hostname="5CG425JL54" name="Selnium.WrongEmailID" tests="1" failures="0" timestamp="07 May 2019 06:03:51 GMT" time="9.828" errors="0">
  <testcase name="wrongEmailIdTest" time="9.828" classname="Selnium.WrongEmailID"/>
</testsuite> <!-- Selnium.WrongEmailID -->
