<?xml version="1.0" encoding="UTF-8"?>
<!-- Generated by org.testng.reporters.JUnitReportReporter -->
<testsuite skipped="0" hostname="5CG425JL54" name="Selnium.BlankEmailID" tests="1" failures="0" timestamp="07 May 2019 06:19:17 GMT" time="11.966" errors="0">
  <testcase name="BlankEmailIDTest" time="11.966" classname="Selnium.BlankEmailID"/>
</testsuite> <!-- Selnium.BlankEmailID -->
