<?xml version="1.0" encoding="UTF-8"?>
<!-- Generated by org.testng.reporters.JUnitReportReporter -->
<testsuite skipped="0" hostname="5CG425JL54" name="com.LinkedIn.TestScripts.WrongEmailID" tests="1" failures="0" timestamp="20 May 2019 12:25:50 GMT" time="13.093" errors="0">
  <testcase name="wrongEmailIdTest" time="13.093" classname="com.LinkedIn.TestScripts.WrongEmailID"/>
</testsuite> <!-- com.LinkedIn.TestScripts.WrongEmailID -->
