<?xml version="1.0" encoding="UTF-8"?>
<!-- Generated by org.testng.reporters.JUnitReportReporter -->
<testsuite skipped="0" hostname="5CG425JL54" name="Selnium.WrongPassword" tests="1" failures="0" timestamp="07 May 2019 06:03:51 GMT" time="11.461" errors="0">
  <testcase name="wrongPasswordTest" time="11.461" classname="Selnium.WrongPassword"/>
</testsuite> <!-- Selnium.WrongPassword -->
